#
# There is insufficient memory for the Java Runtime Environment to continue.
# Native memory allocation (mmap) failed to map 130023424 bytes for G1 virtual space
# Possible reasons:
#   The system is out of physical RAM or swap space
#   The process is running with CompressedOops enabled, and the Java Heap may be blocking the growth of the native heap
# Possible solutions:
#   Reduce memory load on the system
#   Increase physical memory or swap space
#   Check if swap backing store is full
#   Decrease Java heap size (-Xmx/-Xms)
#   Decrease number of Java threads
#   Decrease Java thread stack sizes (-Xss)
#   Set larger code cache with -XX:ReservedCodeCacheSize=
#   JVM is running with Unscaled Compressed Oops mode in which the Java heap is
#     placed in the first 4GB address space. The Java Heap base address is the
#     maximum limit for the native heap growth. Please use -XX:HeapBaseMinAddress
#     to set the Java Heap base and to place the Java Heap above 4GB virtual address.
# This output file may be truncated or incomplete.
#
#  Out of Memory Error (os_windows.cpp:3550), pid=11268, tid=13912
#
# JRE version:  (17.0.6+9) (build )
# Java VM: Java HotSpot(TM) 64-Bit Server VM (17.0.6+9-LTS-190, mixed mode, sharing, tiered, compressed oops, compressed class ptrs, g1 gc, windows-amd64)
# No core dump will be written. Minidumps are not enabled by default on client versions of Windows
#

---------------  S U M M A R Y ------------

Command Line: -Dclassworlds.conf=C:\Program Files\NetBeans-12.6\netbeans\java\maven\bin\..\bin\m2.conf -Dmaven.home=C:\Program Files\NetBeans-12.6\netbeans\java\maven\bin\.. -Dlibrary.jansi.path=C:\Program Files\NetBeans-12.6\netbeans\java\maven\bin\..\lib\jansi-native -Dmaven.multiModuleProjectDirectory=D:\Users\Usuario\Desktop\NetBeans Proyects\P2AnalizadorSintactico org.codehaus.plexus.classworlds.launcher.Launcher -Dexec.vmArgs=--enable-preview -Dexec.args=${exec.vmArgs} -classpath %classpath ${exec.mainClass} ${exec.appArgs} -Dexec.appArgs= -Dexec.mainClass=Main.Main -Dexec.executable=C:\Program Files\Java\jdk-17\bin\java.exe -Dmaven.ext.class.path=C:\Program Files\NetBeans-12.6\netbeans\java\maven-nblib\netbeans-eventspy.jar -Dfile.encoding=UTF-8 org.codehaus.mojo:exec-maven-plugin:3.0.0:exec

Host: Intel(R) Core(TM) i5-1035G1 CPU @ 1.00GHz, 8 cores, 7G,  Windows 10 , 64 bit Build 19041 (10.0.19041.804)
Time: Mon Oct  9 19:53:47 2023 Hora estándar, América Central elapsed time: 0.017509 seconds (0d 0h 0m 0s)

---------------  T H R E A D  ---------------

Current thread (0x0000021f27e77400):  JavaThread "Unknown thread" [_thread_in_vm, id=13912, stack(0x000000aa6e900000,0x000000aa6ea00000)]

Stack: [0x000000aa6e900000,0x000000aa6ea00000]
Native frames: (J=compiled Java code, j=interpreted, Vv=VM code, C=native code)
V  [jvm.dll+0x6734ea]
V  [jvm.dll+0x7d18f4]
V  [jvm.dll+0x7d309e]
V  [jvm.dll+0x7d3703]
V  [jvm.dll+0x2433c5]
V  [jvm.dll+0x6703f9]
V  [jvm.dll+0x664d32]
V  [jvm.dll+0x300086]
V  [jvm.dll+0x307606]
V  [jvm.dll+0x356c1e]
V  [jvm.dll+0x356e4f]
V  [jvm.dll+0x2d72e8]
V  [jvm.dll+0x2d8254]
V  [jvm.dll+0x7a33b1]
V  [jvm.dll+0x3647f1]
V  [jvm.dll+0x782839]
V  [jvm.dll+0x3e757f]
V  [jvm.dll+0x3e9001]
C  [jli.dll+0x5297]
C  [ucrtbase.dll+0x21bb2]
C  [KERNEL32.DLL+0x17034]
C  [ntdll.dll+0x4d241]


---------------  P R O C E S S  ---------------

Threads class SMR info:
_java_thread_list=0x00007ffcb3b5e958, length=0, elements={
}

Java Threads: ( => current thread )

Other Threads:
  0x0000021f27ed0ad0 GCTaskThread "GC Thread#0" [stack: 0x000000aa6ea00000,0x000000aa6eb00000] [id=17956]
  0x0000021f27ee1090 ConcurrentGCThread "G1 Main Marker" [stack: 0x000000aa6eb00000,0x000000aa6ec00000] [id=18916]
  0x0000021f27ee3250 ConcurrentGCThread "G1 Conc#0" [stack: 0x000000aa6ec00000,0x000000aa6ed00000] [id=4012]

[error occurred during error reporting (printing all threads), id 0xc0000005, EXCEPTION_ACCESS_VIOLATION (0xc0000005) at pc=0x00007ffcb3397f07]

VM state: not at safepoint (not fully initialized)

VM Mutex/Monitor currently owned by a thread:  ([mutex/lock_event])
[0x0000021f27e70ae0] Heap_lock - owner thread: 0x0000021f27e77400

Heap address: 0x0000000084c00000, size: 1972 MB, Compressed Oops mode: 32-bit

CDS archive(s) mapped at: [0x0000000000000000-0x0000000000000000-0x0000000000000000), size 0, SharedBaseAddress: 0x0000000800000000, ArchiveRelocationMode: 0.
Narrow klass base: 0x0000000000000000, Narrow klass shift: 0, Narrow klass range: 0x0

GC Precious Log:
<Empty>

Heap:
 garbage-first heap   total 0K, used 0K [0x0000000084c00000, 0x0000000100000000)
  region size 1024K, 0 young (0K), 0 survivors (0K)

[error occurred during error reporting (printing heap information), id 0xc0000005, EXCEPTION_ACCESS_VIOLATION (0xc0000005) at pc=0x00007ffcb377c759]

GC Heap History (0 events):
No events

Deoptimization events (0 events):
No events

Classes unloaded (0 events):
No events

Classes redefined (0 events):
No events

Internal exceptions (0 events):
No events

VM Operations (0 events):
No events

Events (1 events):
Event: 0.007 Loaded shared library C:\Program Files\Java\jdk-17\bin\java.dll


Dynamic libraries:
0x00007ff73e3a0000 - 0x00007ff73e3b0000 	C:\Program Files\Java\jdk-17\bin\java.exe
0x00007ffd29790000 - 0x00007ffd29986000 	C:\windows\SYSTEM32\ntdll.dll
0x00007ffce67e0000 - 0x00007ffce67f9000 	C:\Program Files\Avast Software\Avast\aswhook.dll
0x00007ffd28210000 - 0x00007ffd282cd000 	C:\windows\System32\KERNEL32.DLL
0x00007ffd27410000 - 0x00007ffd276d9000 	C:\windows\System32\KERNELBASE.dll
0x00007ffd26ed0000 - 0x00007ffd26fd0000 	C:\windows\System32\ucrtbase.dll
0x00007ffd1f9d0000 - 0x00007ffd1f9e8000 	C:\Program Files\Java\jdk-17\bin\jli.dll
0x00007ffd283d0000 - 0x00007ffd2847c000 	C:\windows\System32\ADVAPI32.dll
0x00007ffd12180000 - 0x00007ffd1219b000 	C:\Program Files\Java\jdk-17\bin\VCRUNTIME140.dll
0x00007ffd27f60000 - 0x00007ffd27ffe000 	C:\windows\System32\msvcrt.dll
0x00007ffd28000000 - 0x00007ffd2809c000 	C:\windows\System32\sechost.dll
0x00007ffd28700000 - 0x00007ffd2882b000 	C:\windows\System32\RPCRT4.dll
0x00007ffd28830000 - 0x00007ffd289d0000 	C:\windows\System32\USER32.dll
0x00007ffd27290000 - 0x00007ffd272b2000 	C:\windows\System32\win32u.dll
0x00007ffd0ba00000 - 0x00007ffd0bc9b000 	C:\windows\WinSxS\amd64_microsoft.windows.common-controls_6595b64144ccf1df_6.0.19041.746_none_ca02b4b61b8320a4\COMCTL32.dll
0x00007ffd286d0000 - 0x00007ffd286fa000 	C:\windows\System32\GDI32.dll
0x00007ffd27020000 - 0x00007ffd2712b000 	C:\windows\System32\gdi32full.dll
0x00007ffd27340000 - 0x00007ffd273dd000 	C:\windows\System32\msvcp_win.dll
0x00007ffd1ca80000 - 0x00007ffd1ca8a000 	C:\windows\SYSTEM32\VERSION.dll
0x00007ffd28340000 - 0x00007ffd28370000 	C:\windows\System32\IMM32.DLL
0x00007ffd20af0000 - 0x00007ffd20afc000 	C:\Program Files\Java\jdk-17\bin\vcruntime140_1.dll
0x00007ffcf59a0000 - 0x00007ffcf5a2e000 	C:\Program Files\Java\jdk-17\bin\msvcp140.dll
0x00007ffcb30b0000 - 0x00007ffcb3c87000 	C:\Program Files\Java\jdk-17\bin\server\jvm.dll
0x00007ffd29740000 - 0x00007ffd29748000 	C:\windows\System32\PSAPI.DLL
0x00007ffd009b0000 - 0x00007ffd009d7000 	C:\windows\SYSTEM32\WINMM.dll
0x00007ffd0c650000 - 0x00007ffd0c659000 	C:\windows\SYSTEM32\WSOCK32.dll
0x00007ffd280a0000 - 0x00007ffd2810b000 	C:\windows\System32\WS2_32.dll
0x00007ffd257a0000 - 0x00007ffd257b2000 	C:\windows\SYSTEM32\kernel.appcore.dll
0x00007ffd12170000 - 0x00007ffd1217a000 	C:\Program Files\Java\jdk-17\bin\jimage.dll
0x00007ffd24dc0000 - 0x00007ffd24fa4000 	C:\windows\SYSTEM32\DBGHELP.DLL
0x00007ffd12530000 - 0x00007ffd1255c000 	C:\windows\SYSTEM32\dbgcore.DLL
0x00007ffd272c0000 - 0x00007ffd27340000 	C:\windows\System32\bcryptPrimitives.dll
0x00007ffd0ff40000 - 0x00007ffd0ff65000 	C:\Program Files\Java\jdk-17\bin\java.dll

dbghelp: loaded successfully - version: 4.0.5 - missing functions: none
symbol engine: initialized successfully - sym options: 0x614 - pdb path: .;C:\Program Files\Java\jdk-17\bin;C:\windows\SYSTEM32;C:\Program Files\Avast Software\Avast;C:\windows\WinSxS\amd64_microsoft.windows.common-controls_6595b64144ccf1df_6.0.19041.746_none_ca02b4b61b8320a4;C:\Program Files\Java\jdk-17\bin\server

VM Arguments:
jvm_args: -Dclassworlds.conf=C:\Program Files\NetBeans-12.6\netbeans\java\maven\bin\..\bin\m2.conf -Dmaven.home=C:\Program Files\NetBeans-12.6\netbeans\java\maven\bin\.. -Dlibrary.jansi.path=C:\Program Files\NetBeans-12.6\netbeans\java\maven\bin\..\lib\jansi-native -Dmaven.multiModuleProjectDirectory=D:\Users\Usuario\Desktop\NetBeans Proyects\P2AnalizadorSintactico 
java_command: org.codehaus.plexus.classworlds.launcher.Launcher -Dexec.vmArgs=--enable-preview -Dexec.args=${exec.vmArgs} -classpath %classpath ${exec.mainClass} ${exec.appArgs} -Dexec.appArgs= -Dexec.mainClass=Main.Main -Dexec.executable=C:\Program Files\Java\jdk-17\bin\java.exe -Dmaven.ext.class.path=C:\Program Files\NetBeans-12.6\netbeans\java\maven-nblib\netbeans-eventspy.jar -Dfile.encoding=UTF-8 org.codehaus.mojo:exec-maven-plugin:3.0.0:exec
java_class_path (initial): C:\Program Files\NetBeans-12.6\netbeans\java\maven\bin\..\boot\plexus-classworlds-2.6.0.jar
Launcher Type: SUN_STANDARD

[Global flags]
     intx CICompilerCount                          = 4                                         {product} {ergonomic}
     uint ConcGCThreads                            = 2                                         {product} {ergonomic}
     uint G1ConcRefinementThreads                  = 8                                         {product} {ergonomic}
   size_t G1HeapRegionSize                         = 1048576                                   {product} {ergonomic}
    uintx GCDrainStackTargetSize                   = 64                                        {product} {ergonomic}
   size_t InitialHeapSize                          = 130023424                                 {product} {ergonomic}
   size_t MarkStackSize                            = 4194304                                   {product} {ergonomic}
   size_t MaxHeapSize                              = 2067791872                                {product} {ergonomic}
   size_t MinHeapDeltaBytes                        = 1048576                                   {product} {ergonomic}
   size_t MinHeapSize                              = 8388608                                   {product} {ergonomic}
    uintx NonNMethodCodeHeapSize                   = 5839372                                {pd product} {ergonomic}
    uintx NonProfiledCodeHeapSize                  = 122909434                              {pd product} {ergonomic}
    uintx ProfiledCodeHeapSize                     = 122909434                              {pd product} {ergonomic}
    uintx ReservedCodeCacheSize                    = 251658240                              {pd product} {ergonomic}
     bool SegmentedCodeCache                       = true                                      {product} {ergonomic}
   size_t SoftMaxHeapSize                          = 2067791872                             {manageable} {ergonomic}
     bool UseCompressedClassPointers               = true                           {product lp64_product} {ergonomic}
     bool UseCompressedOops                        = true                           {product lp64_product} {ergonomic}
     bool UseG1GC                                  = true                                      {product} {ergonomic}
     bool UseLargePagesIndividualAllocation        = false                                  {pd product} {ergonomic}

Logging:
Log output configuration:
 #0: stdout all=warning uptime,level,tags
 #1: stderr all=off uptime,level,tags

Environment Variables:
JAVA_HOME=C:\Program Files\Java\jdk-17
PATH=C:\Program Files\Common Files\Oracle\Java\javapath;"C:\Program Files (x86)\Common Files\Oracle\Java\javapath;C:\Program Files\Java\jdk1.8.0_301\bin";C:\windows\system32;C:\windows;C:\windows\System32\Wbem;C:\windows\System32\WindowsPowerShell\v1.0\;C:\windows\System32\OpenSSH\;C:\Program Files\Java\jdk-15.0.2\bin;C:\Program Files\Git\cmd;C:\Program Files\MySQL\MySQL Shell 8.0\bin\;C:\Users\Usuario\AppData\Local\Microsoft\WindowsApps;;C:\Users\Usuario\AppData\Local\Programs\Microsoft VS Code\bin;C:\Program Files\JetBrains\IntelliJ IDEA 2023.1.4\bin;
USERNAME=Kenny
OS=Windows_NT
PROCESSOR_IDENTIFIER=Intel64 Family 6 Model 126 Stepping 5, GenuineIntel



---------------  S Y S T E M  ---------------

OS:
 Windows 10 , 64 bit Build 19041 (10.0.19041.804)
OS uptime: 17 days 7:52 hours

CPU: total 8 (initial active 8) (4 cores per cpu, 2 threads per core) family 6 model 126 stepping 5 microcode 0x96, cx8, cmov, fxsr, ht, mmx, 3dnowpref, sse, sse2, sse3, ssse3, sse4.1, sse4.2, popcnt, lzcnt, tsc, tscinvbit, avx, avx2, aes, erms, clmul, bmi1, bmi2, adx, avx512f, avx512dq, avx512cd, avx512bw, avx512vl, sha, fma, vzeroupper, avx512_vpopcntdq, avx512_vpclmulqdq, avx512_vaes, avx512_vnni, clflush, clflushopt, avx512_vbmi2, avx512_vbmi

Memory: 4k page, system-wide physical 7880M (769M free)
TotalPageFile size 12880M (AvailPageFile size 24M)
current process WorkingSet (physical memory assigned to process): 10M, peak: 10M
current process commit charge ("private bytes"): 60M, peak: 184M

vm_info: Java HotSpot(TM) 64-Bit Server VM (17.0.6+9-LTS-190) for windows-amd64 JRE (17.0.6+9-LTS-190), built on Dec  6 2022 15:53:54 by "mach5one" with MS VC++ 17.1 (VS2022)

END.
